PASS src/modules/auth/__tests__/permissions.guard.spec.ts
PASS src/modules/users/__tests__/users.service.spec.ts
PASS src/modules/roles/__tests__/roles.service.spec.ts
PASS src/modules/health/health.controller.spec.ts
PASS src/modules/auth/__tests__/auth.service.spec.ts
-----------------------|---------|----------|---------|---------|-------------------------
File                   | % Stmts | % Branch | % Funcs | % Lines | Uncovered Line #s       
-----------------------|---------|----------|---------|---------|-------------------------
All files              |    94.5 |    73.83 |   95.16 |   95.18 |                         
 auth                  |   94.89 |    83.33 |    90.9 |    96.7 |                         
  auth.service.ts      |   94.89 |    83.33 |    90.9 |    96.7 | 146,205,343             
 auth/guards           |     100 |      100 |     100 |     100 |                         
  permissions.guard.ts |     100 |      100 |     100 |     100 |                         
 roles                 |    96.2 |    73.33 |     100 |   97.26 |                         
  roles.service.ts     |    96.2 |    73.33 |     100 |   97.26 | 190,263                 
 users                 |   90.36 |    48.14 |    90.9 |   89.87 |                         
  users.service.ts     |   90.36 |    48.14 |    90.9 |   89.87 | 199-208,236,249-254,307 
-----------------------|---------|----------|---------|---------|-------------------------

=============================== Coverage summary ===============================
Statements   : 94.5% ( 275/291 )
Branches     : 73.83% ( 79/107 )
Functions    : 95.16% ( 59/62 )
Lines        : 95.18% ( 257/270 )
================================================================================

Test Suites: 5 passed, 5 total
Tests:       54 passed, 54 total
Snapshots:   0 total
Time:        5.082 s, estimated 6 s
Ran all test suites.
